2020-01-30 22:44:50,608 : INFO : __main__ : Loading Dataset
2020-01-30 22:44:51,682 : INFO : __main__ : Defining Model
2020-01-30 22:44:52,225 : INFO : __main__ : Start Fitting
2020-01-30 22:47:31,040 : INFO : __main__ : Loading Dataset
2020-01-30 22:47:32,162 : INFO : __main__ : Defining Model
2020-01-30 22:47:32,711 : INFO : __main__ : Start Fitting
2020-01-30 22:51:46,963 : INFO : __main__ : Loading Dataset
2020-01-30 22:52:05,475 : INFO : __main__ : Loading Dataset
2020-01-30 22:52:33,042 : INFO : __main__ : Loading Dataset
2020-01-31 09:28:30,979 : INFO : __main__ : Loading Dataset
2020-01-31 09:28:31,952 : INFO : __main__ : Defining Model
2020-01-31 09:28:32,800 : INFO : __main__ : Start Fitting
2020-01-31 09:32:48,619 : INFO : __main__ : Loading Dataset
2020-01-31 09:32:49,344 : INFO : __main__ : Defining Model
2020-01-31 09:32:49,824 : INFO : __main__ : Saving structure
2020-01-31 09:36:44,582 : INFO : __main__ : Loading Dataset
2020-01-31 09:36:45,302 : INFO : __main__ : Defining Model
2020-01-31 09:36:45,757 : INFO : __main__ : Saving structure
2020-01-31 09:36:45,765 : INFO : __main__ : Start Fitting
2020-01-31 09:39:04,452 : INFO : __main__ : Saving weights
2020-02-02 14:01:39,368 : INFO : __main__ : Loading Dataset
2020-02-02 14:01:40,806 : INFO : __main__ : Defining Model
2020-02-02 14:01:41,476 : INFO : __main__ : Saving structure
2020-02-02 14:01:41,484 : INFO : __main__ : Start Fitting
2020-02-02 14:10:48,613 : INFO : __main__ : Loading Dataset
2020-02-02 14:10:49,638 : INFO : __main__ : Defining Model
2020-02-02 14:10:50,122 : INFO : __main__ : Saving structure
2020-02-02 14:10:50,128 : INFO : __main__ : Start Fitting
2020-02-02 14:11:40,749 : INFO : __main__ : Loading Dataset
2020-02-02 14:11:41,940 : INFO : __main__ : Defining Model
2020-02-02 14:11:42,512 : INFO : __main__ : Saving structure
2020-02-02 14:11:42,519 : INFO : __main__ : Start Fitting
2020-02-02 14:57:35,087 : INFO : __main__ : Loading Dataset
2020-02-02 14:57:35,952 : INFO : __main__ : Defining Model
2020-02-02 14:57:36,450 : INFO : __main__ : Saving structure
2020-02-02 14:57:36,457 : INFO : __main__ : Start Fitting
